  Source.c
C:\Users\FORYOUCOM\Desktop\SBS_Game_Academy_Game\Program\Source.c(249,8): warning C4244: '함수': 'time_t'에서 'unsigned int'(으)로 변환하면서 데이터가 손실될 수 있습니다.
C:\Users\FORYOUCOM\Desktop\SBS_Game_Academy_Game\Program\Source.c(325,22): warning C4047: '함수': 'Monster **'의 간접 참조 수준이 'Monster (*)[2]'과(와) 다릅니다.
C:\Users\FORYOUCOM\Desktop\SBS_Game_Academy_Game\Program\Source.c(325,22): warning C4024: 'stageInfo': 형식 및 실제 매개 변수 2의 형식이 서로 다릅니다.
C:\Users\FORYOUCOM\Desktop\SBS_Game_Academy_Game\Program\Source.c(325,30): warning C4047: '함수': 'Monster **'의 간접 참조 수준이 'Monster (*)[3]'과(와) 다릅니다.
C:\Users\FORYOUCOM\Desktop\SBS_Game_Academy_Game\Program\Source.c(325,30): warning C4024: 'stageInfo': 형식 및 실제 매개 변수 3의 형식이 서로 다릅니다.
C:\Users\FORYOUCOM\Desktop\SBS_Game_Academy_Game\Program\Source.c(325,38): warning C4047: '함수': 'Monster **'의 간접 참조 수준이 'Monster (*)[4]'과(와) 다릅니다.
C:\Users\FORYOUCOM\Desktop\SBS_Game_Academy_Game\Program\Source.c(325,38): warning C4024: 'stageInfo': 형식 및 실제 매개 변수 4의 형식이 서로 다릅니다.
C:\Users\FORYOUCOM\Desktop\SBS_Game_Academy_Game\Program\Source.c(339,21): warning C4047: '함수': 'Monster *'의 간접 참조 수준이 'Monster (*)[2]'과(와) 다릅니다.
C:\Users\FORYOUCOM\Desktop\SBS_Game_Academy_Game\Program\Source.c(339,21): warning C4024: 'battle': 형식 및 실제 매개 변수 2의 형식이 서로 다릅니다.
C:\Users\FORYOUCOM\Desktop\SBS_Game_Academy_Game\Program\Source.c(339,29): warning C4047: '함수': 'Monster *'의 간접 참조 수준이 'Monster (*)[3]'과(와) 다릅니다.
C:\Users\FORYOUCOM\Desktop\SBS_Game_Academy_Game\Program\Source.c(339,29): warning C4024: 'battle': 형식 및 실제 매개 변수 3의 형식이 서로 다릅니다.
C:\Users\FORYOUCOM\Desktop\SBS_Game_Academy_Game\Program\Source.c(339,37): warning C4047: '함수': 'Monster *'의 간접 참조 수준이 'Monster (*)[4]'과(와) 다릅니다.
C:\Users\FORYOUCOM\Desktop\SBS_Game_Academy_Game\Program\Source.c(339,37): warning C4024: 'battle': 형식 및 실제 매개 변수 4의 형식이 서로 다릅니다.
C:\Users\FORYOUCOM\Desktop\SBS_Game_Academy_Game\Program\Source.c(370,21): warning C4047: '함수': 'Monster *'의 간접 참조 수준이 'Monster (*)[2]'과(와) 다릅니다.
C:\Users\FORYOUCOM\Desktop\SBS_Game_Academy_Game\Program\Source.c(370,21): warning C4024: 'battle': 형식 및 실제 매개 변수 2의 형식이 서로 다릅니다.
C:\Users\FORYOUCOM\Desktop\SBS_Game_Academy_Game\Program\Source.c(370,29): warning C4047: '함수': 'Monster *'의 간접 참조 수준이 'Monster (*)[3]'과(와) 다릅니다.
C:\Users\FORYOUCOM\Desktop\SBS_Game_Academy_Game\Program\Source.c(370,29): warning C4024: 'battle': 형식 및 실제 매개 변수 3의 형식이 서로 다릅니다.
C:\Users\FORYOUCOM\Desktop\SBS_Game_Academy_Game\Program\Source.c(370,37): warning C4047: '함수': 'Monster *'의 간접 참조 수준이 'Monster (*)[4]'과(와) 다릅니다.
C:\Users\FORYOUCOM\Desktop\SBS_Game_Academy_Game\Program\Source.c(370,37): warning C4024: 'battle': 형식 및 실제 매개 변수 4의 형식이 서로 다릅니다.
C:\Users\FORYOUCOM\Desktop\SBS_Game_Academy_Game\Program\Source.c(371,21): warning C4047: '함수': 'Monster *'의 간접 참조 수준이 'Monster (*)[2]'과(와) 다릅니다.
C:\Users\FORYOUCOM\Desktop\SBS_Game_Academy_Game\Program\Source.c(371,21): warning C4024: 'battle': 형식 및 실제 매개 변수 2의 형식이 서로 다릅니다.
C:\Users\FORYOUCOM\Desktop\SBS_Game_Academy_Game\Program\Source.c(371,29): warning C4047: '함수': 'Monster *'의 간접 참조 수준이 'Monster (*)[3]'과(와) 다릅니다.
C:\Users\FORYOUCOM\Desktop\SBS_Game_Academy_Game\Program\Source.c(371,29): warning C4024: 'battle': 형식 및 실제 매개 변수 3의 형식이 서로 다릅니다.
C:\Users\FORYOUCOM\Desktop\SBS_Game_Academy_Game\Program\Source.c(371,37): warning C4047: '함수': 'Monster *'의 간접 참조 수준이 'Monster (*)[4]'과(와) 다릅니다.
C:\Users\FORYOUCOM\Desktop\SBS_Game_Academy_Game\Program\Source.c(371,37): warning C4024: 'battle': 형식 및 실제 매개 변수 4의 형식이 서로 다릅니다.
C:\Users\FORYOUCOM\Desktop\SBS_Game_Academy_Game\Program\Source.c(402,21): warning C4047: '함수': 'Monster *'의 간접 참조 수준이 'Monster (*)[2]'과(와) 다릅니다.
C:\Users\FORYOUCOM\Desktop\SBS_Game_Academy_Game\Program\Source.c(402,21): warning C4024: 'battle': 형식 및 실제 매개 변수 2의 형식이 서로 다릅니다.
C:\Users\FORYOUCOM\Desktop\SBS_Game_Academy_Game\Program\Source.c(402,29): warning C4047: '함수': 'Monster *'의 간접 참조 수준이 'Monster (*)[3]'과(와) 다릅니다.
C:\Users\FORYOUCOM\Desktop\SBS_Game_Academy_Game\Program\Source.c(402,29): warning C4024: 'battle': 형식 및 실제 매개 변수 3의 형식이 서로 다릅니다.
C:\Users\FORYOUCOM\Desktop\SBS_Game_Academy_Game\Program\Source.c(402,37): warning C4047: '함수': 'Monster *'의 간접 참조 수준이 'Monster (*)[4]'과(와) 다릅니다.
C:\Users\FORYOUCOM\Desktop\SBS_Game_Academy_Game\Program\Source.c(402,37): warning C4024: 'battle': 형식 및 실제 매개 변수 4의 형식이 서로 다릅니다.
  Program.vcxproj -> C:\Users\FORYOUCOM\Desktop\SBS_Game_Academy_Game\Program\x64\Debug\Program.exe
